<?xml version="1.0" encoding="UTF-8"?>
<coverage generated="1691354064140" clover="3.2.0">
  <project timestamp="1691354064140" name="All files">
    <metrics statements="92" coveredstatements="56" conditionals="19" coveredconditionals="4" methods="43" coveredmethods="28" elements="154" coveredelements="88" complexity="0" loc="92" ncloc="92" packages="6" files="7" classes="7"/>
    <package name="jest_shopping_cart">
      <metrics statements="18" coveredstatements="0" conditionals="12" coveredconditionals="0" methods="0" coveredmethods="0"/>
      <file name="index.ts" path="/Users/josh/typescript_jest_practice/jest_shopping_cart/index.ts">
        <metrics statements="14" coveredstatements="0" conditionals="12" coveredconditionals="0" methods="0" coveredmethods="0"/>
        <line num="1" count="0" type="stmt"/>
        <line num="2" count="0" type="stmt"/>
        <line num="3" count="0" type="stmt"/>
        <line num="4" count="0" type="stmt"/>
        <line num="6" count="0" type="stmt"/>
        <line num="7" count="0" type="stmt"/>
        <line num="9" count="0" type="stmt"/>
        <line num="10" count="0" type="stmt"/>
        <line num="12" count="0" type="stmt"/>
        <line num="14" count="0" type="stmt"/>
        <line num="15" count="0" type="stmt"/>
        <line num="16" count="0" type="cond" truecount="0" falsecount="4"/>
        <line num="17" count="0" type="cond" truecount="0" falsecount="4"/>
        <line num="18" count="0" type="cond" truecount="0" falsecount="4"/>
      </file>
      <file name="jest.config.ts" path="/Users/josh/typescript_jest_practice/jest_shopping_cart/jest.config.ts">
        <metrics statements="4" coveredstatements="0" conditionals="0" coveredconditionals="0" methods="0" coveredmethods="0"/>
        <line num="3" count="0" type="stmt"/>
        <line num="4" count="0" type="stmt"/>
        <line num="6" count="0" type="stmt"/>
        <line num="15" count="0" type="stmt"/>
      </file>
    </package>
    <package name="jest_shopping_cart.classes.cart">
      <metrics statements="33" coveredstatements="30" conditionals="6" coveredconditionals="3" methods="17" coveredmethods="15"/>
      <file name="Cart.ts" path="/Users/josh/typescript_jest_practice/jest_shopping_cart/classes/cart/Cart.ts">
        <metrics statements="33" coveredstatements="30" conditionals="6" coveredconditionals="3" methods="17" coveredmethods="15"/>
        <line num="11" count="4" type="stmt"/>
        <line num="12" count="4" type="cond" truecount="1" falsecount="1"/>
        <line num="13" count="0" type="stmt"/>
        <line num="15" count="4" type="stmt"/>
        <line num="17" count="4" type="stmt"/>
        <line num="21" count="2" type="stmt"/>
        <line num="22" count="3" type="stmt"/>
        <line num="24" count="2" type="cond" truecount="2" falsecount="0"/>
        <line num="25" count="1" type="stmt"/>
        <line num="27" count="1" type="stmt"/>
        <line num="32" count="2" type="stmt"/>
        <line num="36" count="1" type="stmt"/>
        <line num="37" count="2" type="stmt"/>
        <line num="40" count="1" type="stmt"/>
        <line num="44" count="7" type="cond" truecount="0" falsecount="1"/>
        <line num="45" count="7" type="stmt"/>
        <line num="47" count="14" type="stmt"/>
        <line num="51" count="7" type="stmt"/>
        <line num="54" count="7" type="cond" truecount="0" falsecount="1"/>
        <line num="55" count="7" type="stmt"/>
        <line num="57" count="14" type="stmt"/>
        <line num="61" count="7" type="stmt"/>
        <line num="65" count="7" type="stmt"/>
        <line num="66" count="7" type="stmt"/>
        <line num="67" count="7" type="stmt"/>
        <line num="72" count="7" type="stmt"/>
        <line num="75" count="6" type="stmt"/>
        <line num="79" count="3" type="stmt"/>
        <line num="82" count="3" type="stmt"/>
        <line num="85" count="2" type="stmt"/>
        <line num="88" count="0" type="stmt"/>
        <line num="92" count="0" type="stmt"/>
        <line num="95" count="1" type="stmt"/>
      </file>
    </package>
    <package name="jest_shopping_cart.classes.cartItem">
      <metrics statements="7" coveredstatements="6" conditionals="1" coveredconditionals="1" methods="4" coveredmethods="3"/>
      <file name="CartItem.ts" path="/Users/josh/typescript_jest_practice/jest_shopping_cart/classes/cartItem/CartItem.ts">
        <metrics statements="7" coveredstatements="6" conditionals="1" coveredconditionals="1" methods="4" coveredmethods="3"/>
        <line num="3" count="1" type="stmt"/>
        <line num="8" count="3" type="stmt"/>
        <line num="9" count="3" type="stmt"/>
        <line num="14" count="2" type="cond" truecount="1" falsecount="0"/>
        <line num="15" count="1" type="stmt"/>
        <line num="20" count="0" type="stmt"/>
        <line num="23" count="2" type="stmt"/>
      </file>
    </package>
    <package name="jest_shopping_cart.classes.productClass">
      <metrics statements="15" coveredstatements="8" conditionals="0" coveredconditionals="0" methods="9" coveredmethods="3"/>
      <file name="Product.ts" path="/Users/josh/typescript_jest_practice/jest_shopping_cart/classes/productClass/Product.ts">
        <metrics statements="15" coveredstatements="8" conditionals="0" coveredconditionals="0" methods="9" coveredmethods="3"/>
        <line num="1" count="2" type="stmt"/>
        <line num="8" count="1" type="stmt"/>
        <line num="9" count="1" type="stmt"/>
        <line num="10" count="1" type="stmt"/>
        <line num="11" count="1" type="stmt"/>
        <line num="15" count="1" type="stmt"/>
        <line num="16" count="1" type="stmt"/>
        <line num="21" count="0" type="stmt"/>
        <line num="25" count="0" type="stmt"/>
        <line num="29" count="0" type="stmt"/>
        <line num="33" count="0" type="stmt"/>
        <line num="37" count="0" type="stmt"/>
        <line num="41" count="0" type="stmt"/>
        <line num="42" count="0" type="stmt"/>
        <line num="46" count="1" type="stmt"/>
      </file>
    </package>
    <package name="jest_shopping_cart.classes.userClass">
      <metrics statements="17" coveredstatements="10" conditionals="0" coveredconditionals="0" methods="12" coveredmethods="6"/>
      <file name="User.ts" path="/Users/josh/typescript_jest_practice/jest_shopping_cart/classes/userClass/User.ts">
        <metrics statements="17" coveredstatements="10" conditionals="0" coveredconditionals="0" methods="12" coveredmethods="6"/>
        <line num="9" count="1" type="stmt"/>
        <line num="10" count="1" type="stmt"/>
        <line num="11" count="1" type="stmt"/>
        <line num="15" count="2" type="stmt"/>
        <line num="18" count="1" type="stmt"/>
        <line num="19" count="2" type="stmt"/>
        <line num="20" count="2" type="stmt"/>
        <line num="25" count="0" type="stmt"/>
        <line num="26" count="0" type="stmt"/>
        <line num="28" count="0" type="stmt"/>
        <line num="31" count="1" type="stmt"/>
        <line num="35" count="0" type="stmt"/>
        <line num="39" count="0" type="stmt"/>
        <line num="43" count="2" type="stmt"/>
        <line num="48" count="0" type="stmt"/>
        <line num="52" count="0" type="stmt"/>
        <line num="56" count="1" type="stmt"/>
      </file>
    </package>
    <package name="jest_shopping_cart.initialTest">
      <metrics statements="2" coveredstatements="2" conditionals="0" coveredconditionals="0" methods="1" coveredmethods="1"/>
      <file name="basicFunction.ts" path="/Users/josh/typescript_jest_practice/jest_shopping_cart/initialTest/basicFunction.ts">
        <metrics statements="2" coveredstatements="2" conditionals="0" coveredconditionals="0" methods="1" coveredmethods="1"/>
        <line num="1" count="1" type="stmt"/>
        <line num="2" count="1" type="stmt"/>
      </file>
    </package>
  </project>
</coverage>
