{"/Users/josh/typescript_jest_practice/jest_shopping_cart/index.ts": {"path":"/Users/josh/typescript_jest_practice/jest_shopping_cart/index.ts","statementMap":{"0":{"start":{"line":1,"column":0},"end":{"line":1,"column":39}},"1":{"start":{"line":2,"column":0},"end":{"line":2,"column":55}},"2":{"start":{"line":3,"column":0},"end":{"line":3,"column":57}},"3":{"start":{"line":4,"column":0},"end":{"line":4,"column":44}},"4":{"start":{"line":6,"column":17},"end":{"line":6,"column":49}},"5":{"start":{"line":7,"column":17},"end":{"line":7,"column":49}},"6":{"start":{"line":9,"column":18},"end":{"line":9,"column":43}},"7":{"start":{"line":10,"column":18},"end":{"line":10,"column":43}},"8":{"start":{"line":12,"column":13},"end":{"line":12,"column":33}},"9":{"start":{"line":14,"column":13},"end":{"line":14,"column":32}},"10":{"start":{"line":15,"column":0},"end":{"line":15,"column":19}},"11":{"start":{"line":16,"column":0},"end":{"line":16,"column":44}},"12":{"start":{"line":17,"column":0},"end":{"line":17,"column":44}},"13":{"start":{"line":18,"column":0},"end":{"line":18,"column":54}}},"fnMap":{},"branchMap":{"0":{"loc":{"start":{"line":16,"column":0},"end":{"line":16,"column":43}},"type":"cond-expr","locations":[{"start":{"line":16,"column":19},"end":{"line":16,"column":21}},{"start":{"line":16,"column":19},"end":{"line":16,"column":43}}]},"1":{"loc":{"start":{"line":16,"column":0},"end":{"line":16,"column":21}},"type":"binary-expr","locations":[{"start":{"line":16,"column":0},"end":{"line":16,"column":21}},{"start":{"line":16,"column":19},"end":{"line":16,"column":21}}]},"2":{"loc":{"start":{"line":17,"column":0},"end":{"line":17,"column":43}},"type":"cond-expr","locations":[{"start":{"line":17,"column":19},"end":{"line":17,"column":21}},{"start":{"line":17,"column":19},"end":{"line":17,"column":43}}]},"3":{"loc":{"start":{"line":17,"column":0},"end":{"line":17,"column":21}},"type":"binary-expr","locations":[{"start":{"line":17,"column":0},"end":{"line":17,"column":21}},{"start":{"line":17,"column":19},"end":{"line":17,"column":21}}]},"4":{"loc":{"start":{"line":18,"column":0},"end":{"line":18,"column":53}},"type":"cond-expr","locations":[{"start":{"line":18,"column":19},"end":{"line":18,"column":21}},{"start":{"line":18,"column":19},"end":{"line":18,"column":53}}]},"5":{"loc":{"start":{"line":18,"column":0},"end":{"line":18,"column":21}},"type":"binary-expr","locations":[{"start":{"line":18,"column":0},"end":{"line":18,"column":21}},{"start":{"line":18,"column":19},"end":{"line":18,"column":21}}]}},"s":{"0":0,"1":0,"2":0,"3":0,"4":0,"5":0,"6":0,"7":0,"8":0,"9":0,"10":0,"11":0,"12":0,"13":0},"f":{},"b":{"0":[0,0],"1":[0,0],"2":[0,0],"3":[0,0],"4":[0,0],"5":[0,0]}}
,"/Users/josh/typescript_jest_practice/jest_shopping_cart/jest.config.ts": {"path":"/Users/josh/typescript_jest_practice/jest_shopping_cart/jest.config.ts","statementMap":{"0":{"start":{"line":3,"column":16},"end":{"line":3,"column":27}},"1":{"start":{"line":4,"column":20},"end":{"line":4,"column":31}},"2":{"start":{"line":6,"column":38},"end":{"line":13,"column":2}},"3":{"start":{"line":15,"column":0},"end":{"line":15,"column":22}}},"fnMap":{},"branchMap":{},"s":{"0":0,"1":0,"2":0,"3":0},"f":{},"b":{}}
,"/Users/josh/typescript_jest_practice/jest_shopping_cart/classes/cart/Cart.ts": {"path":"/Users/josh/typescript_jest_practice/jest_shopping_cart/classes/cart/Cart.ts","statementMap":{"0":{"start":{"line":11,"column":4},"end":{"line":11,"column":29}},"1":{"start":{"line":12,"column":4},"end":{"line":16,"column":null}},"2":{"start":{"line":13,"column":6},"end":{"line":13,"column":26}},"3":{"start":{"line":15,"column":6},"end":{"line":15,"column":33}},"4":{"start":{"line":17,"column":4},"end":{"line":17,"column":24}},"5":{"start":{"line":21,"column":24},"end":{"line":23,"column":6}},"6":{"start":{"line":22,"column":6},"end":{"line":22,"column":77}},"7":{"start":{"line":24,"column":4},"end":{"line":30,"column":null}},"8":{"start":{"line":25,"column":6},"end":{"line":25,"column":53}},"9":{"start":{"line":27,"column":6},"end":{"line":29,"column":8}},"10":{"start":{"line":32,"column":4},"end":{"line":32,"column":24}},"11":{"start":{"line":36,"column":4},"end":{"line":38,"column":6}},"12":{"start":{"line":37,"column":16},"end":{"line":37,"column":59}},"13":{"start":{"line":40,"column":4},"end":{"line":40,"column":24}},"14":{"start":{"line":44,"column":4},"end":{"line":44,"column":46}},"15":{"start":{"line":44,"column":37},"end":{"line":44,"column":46}},"16":{"start":{"line":45,"column":29},"end":{"line":49,"column":null}},"17":{"start":{"line":47,"column":8},"end":{"line":48,"column":73}},"18":{"start":{"line":51,"column":4},"end":{"line":51,"column":28}},"19":{"start":{"line":54,"column":4},"end":{"line":54,"column":46}},"20":{"start":{"line":54,"column":37},"end":{"line":54,"column":46}},"21":{"start":{"line":55,"column":29},"end":{"line":59,"column":null}},"22":{"start":{"line":57,"column":8},"end":{"line":57,"column":56}},"23":{"start":{"line":61,"column":4},"end":{"line":61,"column":28}},"24":{"start":{"line":65,"column":4},"end":{"line":65,"column":44}},"25":{"start":{"line":66,"column":4},"end":{"line":66,"column":44}},"26":{"start":{"line":67,"column":4},"end":{"line":67,"column":31}},"27":{"start":{"line":72,"column":4},"end":{"line":72,"column":69}},"28":{"start":{"line":75,"column":4},"end":{"line":75,"column":26}},"29":{"start":{"line":79,"column":4},"end":{"line":79,"column":27}},"30":{"start":{"line":82,"column":4},"end":{"line":82,"column":27}},"31":{"start":{"line":85,"column":4},"end":{"line":85,"column":33}},"32":{"start":{"line":88,"column":4},"end":{"line":88,"column":25}},"33":{"start":{"line":92,"column":4},"end":{"line":92,"column":25}},"34":{"start":{"line":95,"column":0},"end":{"line":95,"column":20}}},"fnMap":{"0":{"name":"(anonymous_0)","decl":{"start":{"line":10,"column":2},"end":{"line":10,"column":14}},"loc":{"start":{"line":10,"column":54},"end":{"line":18,"column":3}}},"1":{"name":"(anonymous_1)","decl":{"start":{"line":20,"column":9},"end":{"line":20,"column":20}},"loc":{"start":{"line":20,"column":39},"end":{"line":33,"column":3}}},"2":{"name":"(anonymous_2)","decl":{"start":{"line":21,"column":49},"end":{"line":21,"column":50}},"loc":{"start":{"line":21,"column":58},"end":{"line":23,"column":5}}},"3":{"name":"(anonymous_3)","decl":{"start":{"line":35,"column":9},"end":{"line":35,"column":23}},"loc":{"start":{"line":35,"column":42},"end":{"line":41,"column":3}}},"4":{"name":"(anonymous_4)","decl":{"start":{"line":37,"column":6},"end":{"line":37,"column":7}},"loc":{"start":{"line":37,"column":16},"end":{"line":37,"column":59}}},"5":{"name":"(anonymous_5)","decl":{"start":{"line":43,"column":10},"end":{"line":43,"column":24}},"loc":{"start":{"line":43,"column":24},"end":{"line":52,"column":3}}},"6":{"name":"(anonymous_6)","decl":{"start":{"line":46,"column":6},"end":{"line":46,"column":7}},"loc":{"start":{"line":47,"column":8},"end":{"line":48,"column":73}}},"7":{"name":"(anonymous_7)","decl":{"start":{"line":53,"column":10},"end":{"line":53,"column":24}},"loc":{"start":{"line":53,"column":24},"end":{"line":62,"column":3}}},"8":{"name":"(anonymous_8)","decl":{"start":{"line":56,"column":6},"end":{"line":56,"column":7}},"loc":{"start":{"line":56,"column":36},"end":{"line":58,"column":7}}},"9":{"name":"(anonymous_9)","decl":{"start":{"line":64,"column":10},"end":{"line":64,"column":22}},"loc":{"start":{"line":64,"column":22},"end":{"line":68,"column":3}}},"10":{"name":"(anonymous_10)","decl":{"start":{"line":71,"column":9},"end":{"line":71,"column":28}},"loc":{"start":{"line":71,"column":28},"end":{"line":73,"column":3}}},"11":{"name":"(anonymous_11)","decl":{"start":{"line":74,"column":9},"end":{"line":74,"column":21}},"loc":{"start":{"line":74,"column":21},"end":{"line":76,"column":3}}},"12":{"name":"(anonymous_12)","decl":{"start":{"line":78,"column":9},"end":{"line":78,"column":22}},"loc":{"start":{"line":78,"column":22},"end":{"line":80,"column":3}}},"13":{"name":"(anonymous_13)","decl":{"start":{"line":81,"column":9},"end":{"line":81,"column":22}},"loc":{"start":{"line":81,"column":22},"end":{"line":83,"column":3}}},"14":{"name":"(anonymous_14)","decl":{"start":{"line":84,"column":9},"end":{"line":84,"column":28}},"loc":{"start":{"line":84,"column":28},"end":{"line":86,"column":3}}},"15":{"name":"(anonymous_15)","decl":{"start":{"line":87,"column":9},"end":{"line":87,"column":20}},"loc":{"start":{"line":87,"column":20},"end":{"line":89,"column":3}}},"16":{"name":"(anonymous_16)","decl":{"start":{"line":91,"column":9},"end":{"line":91,"column":20}},"loc":{"start":{"line":91,"column":33},"end":{"line":93,"column":3}}}},"branchMap":{"0":{"loc":{"start":{"line":12,"column":4},"end":{"line":16,"column":null}},"type":"if","locations":[{"start":{"line":12,"column":4},"end":{"line":16,"column":null}},{"start":{"line":14,"column":11},"end":{"line":16,"column":null}}]},"1":{"loc":{"start":{"line":24,"column":4},"end":{"line":30,"column":null}},"type":"if","locations":[{"start":{"line":24,"column":4},"end":{"line":30,"column":null}},{"start":{"line":26,"column":11},"end":{"line":30,"column":null}}]},"2":{"loc":{"start":{"line":44,"column":4},"end":{"line":44,"column":46}},"type":"if","locations":[{"start":{"line":44,"column":4},"end":{"line":44,"column":46}}]},"3":{"loc":{"start":{"line":54,"column":4},"end":{"line":54,"column":46}},"type":"if","locations":[{"start":{"line":54,"column":4},"end":{"line":54,"column":46}}]}},"s":{"0":4,"1":4,"2":0,"3":4,"4":4,"5":2,"6":3,"7":2,"8":1,"9":1,"10":2,"11":1,"12":2,"13":1,"14":7,"15":0,"16":7,"17":14,"18":7,"19":7,"20":0,"21":7,"22":14,"23":7,"24":7,"25":7,"26":7,"27":7,"28":6,"29":3,"30":3,"31":2,"32":0,"33":0,"34":1},"f":{"0":4,"1":2,"2":3,"3":1,"4":2,"5":7,"6":14,"7":7,"8":14,"9":7,"10":7,"11":6,"12":3,"13":3,"14":2,"15":0,"16":0},"b":{"0":[0,4],"1":[1,1],"2":[0],"3":[0]}}
,"/Users/josh/typescript_jest_practice/jest_shopping_cart/classes/cartItem/CartItem.ts": {"path":"/Users/josh/typescript_jest_practice/jest_shopping_cart/classes/cartItem/CartItem.ts","statementMap":{"0":{"start":{"line":8,"column":4},"end":{"line":8,"column":27}},"1":{"start":{"line":9,"column":4},"end":{"line":9,"column":29}},"2":{"start":{"line":14,"column":4},"end":{"line":14,"column":63}},"3":{"start":{"line":14,"column":17},"end":{"line":14,"column":63}},"4":{"start":{"line":15,"column":4},"end":{"line":15,"column":24}},"5":{"start":{"line":20,"column":4},"end":{"line":20,"column":24}},"6":{"start":{"line":23,"column":4},"end":{"line":23,"column":25}},"7":{"start":{"line":3,"column":0},"end":{"line":3,"column":13}}},"fnMap":{"0":{"name":"(anonymous_0)","decl":{"start":{"line":7,"column":2},"end":{"line":7,"column":14}},"loc":{"start":{"line":7,"column":48},"end":{"line":10,"column":3}}},"1":{"name":"(anonymous_1)","decl":{"start":{"line":13,"column":9},"end":{"line":13,"column":20}},"loc":{"start":{"line":13,"column":32},"end":{"line":16,"column":3}}},"2":{"name":"(anonymous_2)","decl":{"start":{"line":19,"column":9},"end":{"line":19,"column":19}},"loc":{"start":{"line":19,"column":19},"end":{"line":21,"column":3}}},"3":{"name":"(anonymous_3)","decl":{"start":{"line":22,"column":9},"end":{"line":22,"column":20}},"loc":{"start":{"line":22,"column":20},"end":{"line":24,"column":3}}}},"branchMap":{"0":{"loc":{"start":{"line":14,"column":4},"end":{"line":14,"column":63}},"type":"if","locations":[{"start":{"line":14,"column":4},"end":{"line":14,"column":63}}]}},"s":{"0":3,"1":3,"2":2,"3":1,"4":1,"5":0,"6":2,"7":1},"f":{"0":3,"1":2,"2":0,"3":2},"b":{"0":[1]}}
,"/Users/josh/typescript_jest_practice/jest_shopping_cart/classes/productClass/Product.ts": {"path":"/Users/josh/typescript_jest_practice/jest_shopping_cart/classes/productClass/Product.ts","statementMap":{"0":{"start":{"line":8,"column":4},"end":{"line":8,"column":17}},"1":{"start":{"line":9,"column":4},"end":{"line":9,"column":21}},"2":{"start":{"line":10,"column":4},"end":{"line":10,"column":23}},"3":{"start":{"line":11,"column":4},"end":{"line":11,"column":45}},"4":{"start":{"line":15,"column":24},"end":{"line":15,"column":59}},"5":{"start":{"line":16,"column":4},"end":{"line":16,"column":23}},"6":{"start":{"line":21,"column":4},"end":{"line":21,"column":19}},"7":{"start":{"line":25,"column":4},"end":{"line":25,"column":20}},"8":{"start":{"line":29,"column":4},"end":{"line":29,"column":21}},"9":{"start":{"line":33,"column":4},"end":{"line":33,"column":24}},"10":{"start":{"line":37,"column":4},"end":{"line":37,"column":22}},"11":{"start":{"line":41,"column":4},"end":{"line":41,"column":26}},"12":{"start":{"line":42,"column":4},"end":{"line":42,"column":26}},"13":{"start":{"line":46,"column":4},"end":{"line":46,"column":28}},"14":{"start":{"line":1,"column":0},"end":{"line":1,"column":13}}},"fnMap":{"0":{"name":"(anonymous_0)","decl":{"start":{"line":7,"column":2},"end":{"line":7,"column":14}},"loc":{"start":{"line":7,"column":53},"end":{"line":12,"column":3}}},"1":{"name":"(anonymous_1)","decl":{"start":{"line":14,"column":10},"end":{"line":14,"column":24}},"loc":{"start":{"line":14,"column":24},"end":{"line":17,"column":3}}},"2":{"name":"(anonymous_2)","decl":{"start":{"line":20,"column":9},"end":{"line":20,"column":14}},"loc":{"start":{"line":20,"column":14},"end":{"line":22,"column":3}}},"3":{"name":"(anonymous_3)","decl":{"start":{"line":24,"column":9},"end":{"line":24,"column":14}},"loc":{"start":{"line":24,"column":28},"end":{"line":26,"column":3}}},"4":{"name":"(anonymous_4)","decl":{"start":{"line":28,"column":9},"end":{"line":28,"column":16}},"loc":{"start":{"line":28,"column":16},"end":{"line":30,"column":3}}},"5":{"name":"(anonymous_5)","decl":{"start":{"line":32,"column":9},"end":{"line":32,"column":16}},"loc":{"start":{"line":32,"column":32},"end":{"line":34,"column":3}}},"6":{"name":"(anonymous_6)","decl":{"start":{"line":36,"column":9},"end":{"line":36,"column":17}},"loc":{"start":{"line":36,"column":17},"end":{"line":38,"column":3}}},"7":{"name":"(anonymous_7)","decl":{"start":{"line":40,"column":9},"end":{"line":40,"column":17}},"loc":{"start":{"line":40,"column":34},"end":{"line":43,"column":3}}},"8":{"name":"(anonymous_8)","decl":{"start":{"line":45,"column":9},"end":{"line":45,"column":23}},"loc":{"start":{"line":45,"column":23},"end":{"line":47,"column":3}}}},"branchMap":{},"s":{"0":1,"1":1,"2":1,"3":1,"4":1,"5":1,"6":0,"7":0,"8":0,"9":0,"10":0,"11":0,"12":0,"13":1,"14":2},"f":{"0":1,"1":1,"2":0,"3":0,"4":0,"5":0,"6":0,"7":0,"8":1},"b":{}}
,"/Users/josh/typescript_jest_practice/jest_shopping_cart/classes/userClass/User.ts": {"path":"/Users/josh/typescript_jest_practice/jest_shopping_cart/classes/userClass/User.ts","statementMap":{"0":{"start":{"line":9,"column":4},"end":{"line":9,"column":21}},"1":{"start":{"line":10,"column":4},"end":{"line":10,"column":17}},"2":{"start":{"line":11,"column":4},"end":{"line":11,"column":20}},"3":{"start":{"line":15,"column":4},"end":{"line":15,"column":39}},"4":{"start":{"line":18,"column":4},"end":{"line":21,"column":7}},"5":{"start":{"line":19,"column":6},"end":{"line":19,"column":32}},"6":{"start":{"line":20,"column":6},"end":{"line":20,"column":41}},"7":{"start":{"line":25,"column":22},"end":{"line":27,"column":6}},"8":{"start":{"line":26,"column":6},"end":{"line":26,"column":41}},"9":{"start":{"line":28,"column":4},"end":{"line":28,"column":21}},"10":{"start":{"line":31,"column":4},"end":{"line":31,"column":25}},"11":{"start":{"line":35,"column":4},"end":{"line":35,"column":21}},"12":{"start":{"line":39,"column":4},"end":{"line":39,"column":19}},"13":{"start":{"line":43,"column":4},"end":{"line":43,"column":22}},"14":{"start":{"line":48,"column":4},"end":{"line":48,"column":21}},"15":{"start":{"line":52,"column":4},"end":{"line":52,"column":17}},"16":{"start":{"line":56,"column":0},"end":{"line":56,"column":20}}},"fnMap":{"0":{"name":"(anonymous_0)","decl":{"start":{"line":8,"column":2},"end":{"line":8,"column":14}},"loc":{"start":{"line":8,"column":38},"end":{"line":12,"column":3}}},"1":{"name":"(anonymous_1)","decl":{"start":{"line":14,"column":9},"end":{"line":14,"column":16}},"loc":{"start":{"line":14,"column":27},"end":{"line":16,"column":3}}},"2":{"name":"(anonymous_2)","decl":{"start":{"line":17,"column":9},"end":{"line":17,"column":19}},"loc":{"start":{"line":17,"column":32},"end":{"line":22,"column":3}}},"3":{"name":"(anonymous_3)","decl":{"start":{"line":18,"column":35},"end":{"line":18,"column":36}},"loc":{"start":{"line":18,"column":44},"end":{"line":21,"column":5}}},"4":{"name":"(anonymous_4)","decl":{"start":{"line":24,"column":9},"end":{"line":24,"column":22}},"loc":{"start":{"line":24,"column":35},"end":{"line":29,"column":3}}},"5":{"name":"(anonymous_5)","decl":{"start":{"line":25,"column":38},"end":{"line":25,"column":39}},"loc":{"start":{"line":25,"column":47},"end":{"line":27,"column":5}}},"6":{"name":"(anonymous_6)","decl":{"start":{"line":30,"column":9},"end":{"line":30,"column":21}},"loc":{"start":{"line":30,"column":21},"end":{"line":32,"column":3}}},"7":{"name":"(anonymous_7)","decl":{"start":{"line":34,"column":9},"end":{"line":34,"column":16}},"loc":{"start":{"line":34,"column":16},"end":{"line":36,"column":3}}},"8":{"name":"(anonymous_8)","decl":{"start":{"line":38,"column":9},"end":{"line":38,"column":14}},"loc":{"start":{"line":38,"column":14},"end":{"line":40,"column":3}}},"9":{"name":"(anonymous_9)","decl":{"start":{"line":42,"column":9},"end":{"line":42,"column":17}},"loc":{"start":{"line":42,"column":17},"end":{"line":44,"column":3}}},"10":{"name":"(anonymous_10)","decl":{"start":{"line":47,"column":9},"end":{"line":47,"column":16}},"loc":{"start":{"line":47,"column":29},"end":{"line":49,"column":3}}},"11":{"name":"(anonymous_11)","decl":{"start":{"line":51,"column":9},"end":{"line":51,"column":14}},"loc":{"start":{"line":51,"column":25},"end":{"line":53,"column":3}}}},"branchMap":{},"s":{"0":1,"1":1,"2":1,"3":2,"4":1,"5":2,"6":2,"7":0,"8":0,"9":0,"10":1,"11":0,"12":0,"13":2,"14":0,"15":0,"16":1},"f":{"0":1,"1":2,"2":1,"3":2,"4":0,"5":0,"6":1,"7":0,"8":0,"9":2,"10":0,"11":0},"b":{}}
,"/Users/josh/typescript_jest_practice/jest_shopping_cart/initialTest/basicFunction.ts": {"path":"/Users/josh/typescript_jest_practice/jest_shopping_cart/initialTest/basicFunction.ts","statementMap":{"0":{"start":{"line":1,"column":29},"end":{"line":3,"column":1}},"1":{"start":{"line":2,"column":2},"end":{"line":2,"column":15}},"2":{"start":{"line":1,"column":13},"end":{"line":1,"column":29}}},"fnMap":{"0":{"name":"(anonymous_0)","decl":{"start":{"line":1,"column":29},"end":{"line":1,"column":30}},"loc":{"start":{"line":1,"column":62},"end":{"line":3,"column":1}}}},"branchMap":{},"s":{"0":1,"1":1,"2":1},"f":{"0":1},"b":{}}
}
